<?xml version="1.0" encoding="UTF-8"?>
<!-- Generated by org.testng.reporters.JUnitReportReporter -->
<testsuite hostname="Gouravs-MacBook-Air.local" name="WebTestFrame.ValidatePractice" tests="12" failures="0" timestamp="15 Jul 2018 02:22:27 GMT" time="34.867" errors="0">
  <testcase name="validPracMouseHovrTop" time="0.345" classname="WebTestFrame.ValidatePractice"/>
  <testcase name="validSuggessionTxtBox" time="0.470" classname="WebTestFrame.ValidatePractice"/>
  <testcase name="validPracticeLink" time="7.718" classname="WebTestFrame.ValidatePractice"/>
  <testcase name="validPracticeDropdown" time="0.512" classname="WebTestFrame.ValidatePractice"/>
  <testcase name="validPracticeSwitchTab" time="0.512" classname="WebTestFrame.ValidatePractice"/>
  <testcase name="validPracticeWebTable" time="0.480" classname="WebTestFrame.ValidatePractice"/>
  <testcase name="validPracticeRadio" time="0.486" classname="WebTestFrame.ValidatePractice"/>
  <testcase name="validPracMouseHovrReload" time="1.942" classname="WebTestFrame.ValidatePractice"/>
  <testcase name="validPracticeSwitchAlert" time="0.606" classname="WebTestFrame.ValidatePractice"/>
  <testcase name="validPracticeCheckbox" time="15.727" classname="WebTestFrame.ValidatePractice"/>
  <testcase name="validPracticeElementDisplayed" time="0.366" classname="WebTestFrame.ValidatePractice"/>
  <testcase name="validPracticeSwitchWindow" time="5.703" classname="WebTestFrame.ValidatePractice"/>
</testsuite> <!-- WebTestFrame.ValidatePractice -->
