<?xml version="1.0" encoding="UTF-8"?>
<!-- Generated by org.testng.reporters.JUnitReportReporter -->
<testsuite hostname="Gouravs-MacBook-Air.local" name="WebTestFrame.ValidatePractice" tests="12" failures="1" timestamp="9 Sep 2018 19:15:00 GMT" time="11.159" errors="0">
  <testcase name="validPracticeRadio" time="0.003" classname="WebTestFrame.ValidatePractice">
    <failure type="java.lang.Error" message="Unresolved compilation problems: 
	Syntax error, insert &quot;VariableDeclarators&quot; to complete LocalVariableDeclaration
	Syntax error, insert &quot;;&quot; to complete LocalVariableDeclarationStatement
	QACLICK cannot be resolved
">
      <![CDATA[java.lang.Error: Unresolved compilation problems: 
	Syntax error, insert "VariableDeclarators" to complete LocalVariableDeclaration
	Syntax error, insert ";" to complete LocalVariableDeclarationStatement
	QACLICK cannot be resolved

	at WebTestFrame.ValidatePractice.validPracticeRadio(ValidatePractice.java:79)
	at sun.reflect.NativeMethodAccessorImpl.invoke0(Native Method)
	at sun.reflect.NativeMethodAccessorImpl.invoke(NativeMethodAccessorImpl.java:62)
	at sun.reflect.DelegatingMethodAccessorImpl.invoke(DelegatingMethodAccessorImpl.java:43)
	at java.lang.reflect.Method.invoke(Method.java:498)
	at org.testng.internal.MethodInvocationHelper.invokeMethod(MethodInvocationHelper.java:80)
	at org.testng.internal.Invoker.invokeMethod(Invoker.java:714)
	at org.testng.internal.Invoker.invokeTestMethod(Invoker.java:901)
	at org.testng.internal.Invoker.invokeTestMethods(Invoker.java:1231)
	at org.testng.internal.TestMethodWorker.invokeTestMethods(TestMethodWorker.java:127)
	at org.testng.internal.TestMethodWorker.run(TestMethodWorker.java:111)
	at org.testng.TestRunner.privateRun(TestRunner.java:767)
	at org.testng.TestRunner.run(TestRunner.java:617)
	at org.testng.SuiteRunner.runTest(SuiteRunner.java:334)
	at org.testng.SuiteRunner.runSequentially(SuiteRunner.java:329)
	at org.testng.SuiteRunner.privateRun(SuiteRunner.java:291)
	at org.testng.SuiteRunner.run(SuiteRunner.java:240)
	at org.testng.SuiteRunnerWorker.runSuite(SuiteRunnerWorker.java:52)
	at org.testng.SuiteRunnerWorker.run(SuiteRunnerWorker.java:86)
	at org.testng.TestNG.runSuitesSequentially(TestNG.java:1198)
	at org.testng.TestNG.runSuitesLocally(TestNG.java:1123)
	at org.testng.TestNG.run(TestNG.java:1031)
	at org.testng.remote.AbstractRemoteTestNG.run(AbstractRemoteTestNG.java:114)
	at org.testng.remote.RemoteTestNG.initAndRun(RemoteTestNG.java:251)
	at org.testng.remote.RemoteTestNG.main(RemoteTestNG.java:77)
]]>
    </failure>
  </testcase> <!-- validPracticeRadio -->
  <testcase name="validPracticeLink" time="5.090" classname="WebTestFrame.ValidatePractice"/>
  <testcase name="validPracticeCheckbox" time="0.393" classname="WebTestFrame.ValidatePractice"/>
  <testcase name="validPracMouseHovrTop" time="0.301" classname="WebTestFrame.ValidatePractice"/>
  <testcase name="validPracticeSwitchWindow" time="0.713" classname="WebTestFrame.ValidatePractice"/>
  <testcase name="validPracMouseHovrReload" time="1.776" classname="WebTestFrame.ValidatePractice"/>
  <testcase name="validPracticeDropdown" time="0.564" classname="WebTestFrame.ValidatePractice"/>
  <testcase name="validPracticeElementDisplayed" time="0.448" classname="WebTestFrame.ValidatePractice"/>
  <testcase name="validPracticeWebTable" time="0.437" classname="WebTestFrame.ValidatePractice"/>
  <testcase name="validPracticeSwitchAlert" time="0.573" classname="WebTestFrame.ValidatePractice"/>
  <testcase name="validSuggessionTxtBox" time="0.396" classname="WebTestFrame.ValidatePractice"/>
  <testcase name="validPracticeSwitchTab" time="0.465" classname="WebTestFrame.ValidatePractice"/>
</testsuite> <!-- WebTestFrame.ValidatePractice -->
