<?xml version="1.0" encoding="UTF-8"?>
<!-- Generated by org.testng.reporters.JUnitReportReporter -->
<testsuite hostname="Gouravs-MacBook-Air.local" name="WebTestFrame.validateCreateAccount" tests="10" failures="0" timestamp="15 Jul 2018 22:27:09 GMT" time="105.088" errors="0">
  <testcase name="validConPwdSame" time="6.723" classname="WebTestFrame.validateCreateAccount"/>
  <testcase name="validConPwdNotSame" time="6.671" classname="WebTestFrame.validateCreateAccount"/>
  <testcase name="validErrorColor" time="6.012" classname="WebTestFrame.validateCreateAccount"/>
  <testcase name="validPolicyCheckBox" time="11.441" classname="WebTestFrame.validateCreateAccount"/>
  <testcase name="validPwdLength" time="12.855" classname="WebTestFrame.validateCreateAccount"/>
  <testcase name="validFullName" time="6.133" classname="WebTestFrame.validateCreateAccount"/>
  <testcase name="validEmailReqdError" time="35.979" classname="WebTestFrame.validateCreateAccount"/>
  <testcase name="validPwdNull" time="6.146" classname="WebTestFrame.validateCreateAccount"/>
  <testcase name="validEmailAdd" time="6.577" classname="WebTestFrame.validateCreateAccount"/>
  <testcase name="validErrorBgColor" time="6.551" classname="WebTestFrame.validateCreateAccount"/>
</testsuite> <!-- WebTestFrame.validateCreateAccount -->
