<?xml version="1.0" encoding="UTF-8"?>
<!-- Generated by org.testng.reporters.JUnitReportReporter -->
<testsuite hostname="Gouravs-MacBook-Air.local" name="WebTestFrame.validateContact" tests="5" failures="0" timestamp="15 Jul 2018 02:22:27 GMT" time="7.117" errors="0">
  <testcase name="validContactPhone" time="0.038" classname="WebTestFrame.validateContact"/>
  <testcase name="validContactTitle" time="6.791" classname="WebTestFrame.validateContact"/>
  <testcase name="validContactDetlsLable" time="0.081" classname="WebTestFrame.validateContact"/>
  <testcase name="validContactEmails" time="0.170" classname="WebTestFrame.validateContact"/>
  <testcase name="validContactAddr" time="0.037" classname="WebTestFrame.validateContact"/>
</testsuite> <!-- WebTestFrame.validateContact -->
