<?xml version="1.0" encoding="UTF-8"?>
<!-- Generated by org.testng.reporters.JUnitReportReporter -->
<testsuite hostname="Gouravs-MacBook-Air.local" name="WebTestFrame.validateLogin" tests="7" failures="0" timestamp="25 Sep 2018 21:49:18 GMT" time="6.791" errors="0">
  <testcase name="validErrorColor" time="0.072" classname="WebTestFrame.validateLogin"/>
  <testcase name="validForgetPwd" time="3.935" classname="WebTestFrame.validateLogin"/>
  <testcase name="validErrorBgColor" time="0.038" classname="WebTestFrame.validateLogin"/>
  <testcase name="validEmailPwd" time="0.002" classname="WebTestFrame.validateLogin"/>
  <testcase name="validEmailPwd" time="0.002" classname="WebTestFrame.validateLogin"/>
  <testcase name="databaseConnLogin" time="1.125" classname="WebTestFrame.validateLogin"/>
  <testcase name="validEmailPwd" time="1.617" classname="WebTestFrame.validateLogin"/>
</testsuite> <!-- WebTestFrame.validateLogin -->
