<?xml version="1.0" encoding="UTF-8"?>
<!-- Generated by org.testng.reporters.JUnitReportReporter -->
<testsuite hostname="Gouravs-MacBook-Air.local" name="WebTestFrame.ValidatePractice" tests="12" failures="0" timestamp="15 Jul 2018 22:27:09 GMT" time="14.585" errors="0">
  <testcase name="validPracticeCheckbox" time="0.408" classname="WebTestFrame.ValidatePractice"/>
  <testcase name="validPracMouseHovrTop" time="0.388" classname="WebTestFrame.ValidatePractice"/>
  <testcase name="validPracticeRadio" time="0.619" classname="WebTestFrame.ValidatePractice"/>
  <testcase name="validPracticeLink" time="7.137" classname="WebTestFrame.ValidatePractice"/>
  <testcase name="validPracMouseHovrReload" time="1.680" classname="WebTestFrame.ValidatePractice"/>
  <testcase name="validPracticeSwitchWindow" time="0.680" classname="WebTestFrame.ValidatePractice"/>
  <testcase name="validPracticeSwitchTab" time="0.566" classname="WebTestFrame.ValidatePractice"/>
  <testcase name="validPracticeElementDisplayed" time="0.533" classname="WebTestFrame.ValidatePractice"/>
  <testcase name="validPracticeSwitchAlert" time="0.668" classname="WebTestFrame.ValidatePractice"/>
  <testcase name="validPracticeDropdown" time="0.855" classname="WebTestFrame.ValidatePractice"/>
  <testcase name="validSuggessionTxtBox" time="0.469" classname="WebTestFrame.ValidatePractice"/>
  <testcase name="validPracticeWebTable" time="0.582" classname="WebTestFrame.ValidatePractice"/>
</testsuite> <!-- WebTestFrame.ValidatePractice -->
