<?xml version="1.0" encoding="UTF-8"?>
<!-- Generated by org.testng.reporters.JUnitReportReporter -->
<testsuite hostname="Gouravs-MacBook-Air.local" name="WebTestFrame.validateHomePage" tests="17" failures="0" timestamp="14 Jul 2018 23:25:56 GMT" time="40.557" errors="0">
  <testcase name="checkLinksToYouTube" time="7.165" classname="WebTestFrame.validateHomePage"/>
  <testcase name="validFCSeleniumDiscPrice" time="0.039" classname="WebTestFrame.validateHomePage"/>
  <testcase name="validFCSelenimLinks" time="0.276" classname="WebTestFrame.validateHomePage"/>
  <testcase name="validNaviBarHome" time="1.662" classname="WebTestFrame.validateHomePage"/>
  <testcase name="validNaviBarBlog" time="3.067" classname="WebTestFrame.validateHomePage"/>
  <testcase name="validNaviBarPractice" time="1.971" classname="WebTestFrame.validateHomePage"/>
  <testcase name="validFCSelenimRate" time="0.022" classname="WebTestFrame.validateHomePage"/>
  <testcase name="validNaviBarVideos" time="1.399" classname="WebTestFrame.validateHomePage"/>
  <testcase name="validFCSeleniumPrice" time="0.026" classname="WebTestFrame.validateHomePage"/>
  <testcase name="validNaviBarIntGuides" time="1.324" classname="WebTestFrame.validateHomePage"/>
  <testcase name="validNaviBarContact" time="1.075" classname="WebTestFrame.validateHomePage"/>
  <testcase name="homePNavigationDisplayed" time="0.344" classname="WebTestFrame.validateHomePage"/>
  <testcase name="checkLinksToFacebook" time="14.584" classname="WebTestFrame.validateHomePage"/>
  <testcase name="validNaviBarAbout" time="2.717" classname="WebTestFrame.validateHomePage"/>
  <testcase name="validNaviBarCourses" time="4.203" classname="WebTestFrame.validateHomePage"/>
  <testcase name="validFCSeleStudEnrol" time="0.043" classname="WebTestFrame.validateHomePage"/>
  <testcase name="validFeaturedCourses" time="0.640" classname="WebTestFrame.validateHomePage"/>
</testsuite> <!-- WebTestFrame.validateHomePage -->
