<?xml version="1.0" encoding="UTF-8"?>
<!-- Generated by org.testng.reporters.JUnitReportReporter -->
<testsuite hostname="Gouravs-MacBook-Air.local" name="WebTestFrame.validateHomePage" tests="17" failures="0" timestamp="15 Jul 2018 02:22:27 GMT" time="40.559" errors="0">
  <testcase name="validNaviBarBlog" time="2.882" classname="WebTestFrame.validateHomePage"/>
  <testcase name="validNaviBarAbout" time="2.473" classname="WebTestFrame.validateHomePage"/>
  <testcase name="checkLinksToYouTube" time="6.949" classname="WebTestFrame.validateHomePage"/>
  <testcase name="checkLinksToFacebook" time="15.280" classname="WebTestFrame.validateHomePage"/>
  <testcase name="validFCSeleStudEnrol" time="0.040" classname="WebTestFrame.validateHomePage"/>
  <testcase name="validNaviBarVideos" time="1.352" classname="WebTestFrame.validateHomePage"/>
  <testcase name="validFeaturedCourses" time="0.594" classname="WebTestFrame.validateHomePage"/>
  <testcase name="validFCSelenimLinks" time="0.271" classname="WebTestFrame.validateHomePage"/>
  <testcase name="validFCSeleniumDiscPrice" time="0.041" classname="WebTestFrame.validateHomePage"/>
  <testcase name="validFCSeleniumPrice" time="0.027" classname="WebTestFrame.validateHomePage"/>
  <testcase name="validNaviBarCourses" time="3.553" classname="WebTestFrame.validateHomePage"/>
  <testcase name="validNaviBarPractice" time="2.741" classname="WebTestFrame.validateHomePage"/>
  <testcase name="validNaviBarContact" time="1.150" classname="WebTestFrame.validateHomePage"/>
  <testcase name="validNaviBarIntGuides" time="1.375" classname="WebTestFrame.validateHomePage"/>
  <testcase name="homePNavigationDisplayed" time="0.399" classname="WebTestFrame.validateHomePage"/>
  <testcase name="validFCSelenimRate" time="0.023" classname="WebTestFrame.validateHomePage"/>
  <testcase name="validNaviBarHome" time="1.409" classname="WebTestFrame.validateHomePage"/>
</testsuite> <!-- WebTestFrame.validateHomePage -->
