<?xml version="1.0" encoding="UTF-8"?>
<!-- Generated by org.testng.reporters.JUnitReportReporter -->
<testsuite hostname="Gouravs-MacBook-Air.local" name="WebTestFrame.validateCreateAccount" tests="10" failures="0" timestamp="15 Jul 2018 02:22:27 GMT" time="22.082" errors="0">
  <testcase name="validConPwdSame" time="1.566" classname="WebTestFrame.validateCreateAccount"/>
  <testcase name="validConPwdNotSame" time="1.369" classname="WebTestFrame.validateCreateAccount"/>
  <testcase name="validErrorColor" time="1.049" classname="WebTestFrame.validateCreateAccount"/>
  <testcase name="validPolicyCheckBox" time="1.136" classname="WebTestFrame.validateCreateAccount"/>
  <testcase name="validPwdLength" time="2.618" classname="WebTestFrame.validateCreateAccount"/>
  <testcase name="validFullName" time="0.956" classname="WebTestFrame.validateCreateAccount"/>
  <testcase name="validEmailReqdError" time="9.917" classname="WebTestFrame.validateCreateAccount"/>
  <testcase name="validPwdNull" time="0.971" classname="WebTestFrame.validateCreateAccount"/>
  <testcase name="validEmailAdd" time="1.281" classname="WebTestFrame.validateCreateAccount"/>
  <testcase name="validErrorBgColor" time="1.219" classname="WebTestFrame.validateCreateAccount"/>
</testsuite> <!-- WebTestFrame.validateCreateAccount -->
